

Microchip MPLAB XC8 Assembler V2.50 build 20240725155939 
                                                                                               Wed Oct 30 05:33:10 2024

Microchip MPLAB XC8 C Compiler v2.50 (Free license) build 20240725155939 Og1 
     1                           	processor	18F57Q43
     2                           	fnconf	rparam,??,?,0
     3                           	pagewidth 120
     4                           	opt	flic
     5                           	psect	cinit,global,reloc=2,class=CODE,space=0,delta=1
     6                           	psect	cstackCOMRAM,global,class=COMRAM,space=1,delta=1,lowdata,noexec
     7                           	psect	text0,global,reloc=2,class=CODE,space=0,delta=1
     8                           	psect	smallconst,global,reloc=2,class=SMALLCONST,space=0,delta=1,noexec
     9                           	psect	intsave_regs,global,class=BIGRAM,space=1,delta=1,noexec
    10                           	psect	rparam,global,class=COMRAM,space=1,delta=1,noexec
    11                           	psect	config,global,abs,ovrld,class=CONFIG,space=4,delta=1,noexec
    12   000000                     
    13                           ; Generated 18/12/2023 GMT
    14                           ; 
    15                           ; Copyright © 2023, Microchip Technology Inc. and its subsidiaries ("Microchip")
    16                           ; All rights reserved.
    17                           ; 
    18                           ; This software is developed by Microchip Technology Inc. and its subsidiaries ("Microch
      +                          ip").
    19                           ; 
    20                           ; Redistribution and use in source and binary forms, with or without modification, are
    21                           ; permitted provided that the following conditions are met:
    22                           ; 
    23                           ;     1. Redistributions of source code must retain the above copyright notice, this lis
      +                          t of
    24                           ;        conditions and the following disclaimer.
    25                           ; 
    26                           ;     2. Redistributions in binary form must reproduce the above copyright notice, this 
      +                          list
    27                           ;        of conditions and the following disclaimer in the documentation and/or other
    28                           ;        materials provided with the distribution. Publication is not required when
    29                           ;        this file is used in an embedded application.
    30                           ; 
    31                           ;     3. Microchip's name may not be used to endorse or promote products derived from th
      +                          is
    32                           ;        software without specific prior written permission.
    33                           ; 
    34                           ; THIS SOFTWARE IS PROVIDED BY MICROCHIP "AS IS" AND ANY EXPRESS OR IMPLIED WARRANTIES,
    35                           ; INCLUDING, BUT NOT LIMITED TO, THE IMPLIED WARRANTIES OF MERCHANTABILITY AND FITNESS F
      +                          OR
    36                           ; PURPOSE ARE DISCLAIMED.  IN NO EVENT SHALL MICROCHIP BE LIABLE FOR ANY DIRECT, INDIREC
      +                          T,
    37                           ; INCIDENTAL, SPECIAL, EXEMPLARY, OR CONSEQUENTIAL DAMAGES (INCLUDING BUT NOT LIMITED TO
    38                           ; PROCUREMENT OF SUBSTITUTE GOODS OR SERVICES; LOSS OF USE, DATA OR PROFITS; OR BUSINESS
    39                           ; INTERRUPTION) HOWSOEVER CAUSED AND ON ANY THEORY OF LIABILITY, WHETHER IN CONTRACT, ST
      +                          RICT
    40                           ; LIABILITY, OR TORT (INCLUDING NEGLIGENCE OR OTHERWISE) ARISING IN ANY WAY OUT OF THE U
      +                          SE OF
    41                           ; THIS SOFTWARE, EVEN IF ADVISED OF THE POSSIBILITY OF SUCH DAMAGE.
    42                           ; 
    43                           ; 
    44                           ; Code-generator required, PIC18F57Q43 Definitions
    45                           ; 
    46                           ; SFR Addresses
    47   0004E0                     bsr             equ	1248
    48   0004E9                     fsr0            equ	1257
    49   0004EA                     fsr0h           equ	1258
    50   0004E9                     fsr0l           equ	1257
    51   0004E1                     fsr1            equ	1249
    52   0004E2                     fsr1h           equ	1250
    53   0004E1                     fsr1l           equ	1249
    54   0004D9                     fsr2            equ	1241
    55   0004DA                     fsr2h           equ	1242
    56   0004D9                     fsr2l           equ	1241
    57   0004EF                     indf0           equ	1263
    58   0004E7                     indf1           equ	1255
    59   0004DF                     indf2           equ	1247
    60   0004D6                     intcon          equ	1238
    61   000041                     nvmcon          equ	65
    62   0004F9                     pcl             equ	1273
    63   0004FA                     pclath          equ	1274
    64   0004FB                     pclatu          equ	1275
    65   0004EB                     plusw0          equ	1259
    66   0004E3                     plusw1          equ	1251
    67   0004DB                     plusw2          equ	1243
    68   0004ED                     postdec0        equ	1261
    69   0004E5                     postdec1        equ	1253
    70   0004DD                     postdec2        equ	1245
    71   0004EE                     postinc0        equ	1262
    72   0004E6                     postinc1        equ	1254
    73   0004DE                     postinc2        equ	1246
    74   0004EC                     preinc0         equ	1260
    75   0004E4                     preinc1         equ	1252
    76   0004DC                     preinc2         equ	1244
    77   0004F3                     prod            equ	1267
    78   0004F4                     prodh           equ	1268
    79   0004F3                     prodl           equ	1267
    80   0004D8                     status          equ	1240
    81   0004F5                     tablat          equ	1269
    82   0004F6                     tblptr          equ	1270
    83   0004F7                     tblptrh         equ	1271
    84   0004F6                     tblptrl         equ	1270
    85   0004F8                     tblptru         equ	1272
    86   0004FD                     tosl            equ	1277
    87   0004E8                     wreg            equ	1256
    88   000039                     CLKRCON         equ	57	;# 
    89   00003A                     CLKRCLK         equ	58	;# 
    90   000040                     NVMCON0         equ	64	;# 
    91   000041                     NVMCON1         equ	65	;# 
    92   000042                     NVMLOCK         equ	66	;# 
    93   000043                     NVMADR          equ	67	;# 
    94   000043                     NVMADRL         equ	67	;# 
    95   000044                     NVMADRH         equ	68	;# 
    96   000045                     NVMADRU         equ	69	;# 
    97   000046                     NVMDAT          equ	70	;# 
    98   000046                     NVMDATL         equ	70	;# 
    99   000047                     NVMDATH         equ	71	;# 
   100   000048                     VREGCON         equ	72	;# 
   101   000049                     BORCON          equ	73	;# 
   102   00004A                     HLVDCON0        equ	74	;# 
   103   00004B                     HLVDCON1        equ	75	;# 
   104   00004C                     ZCDCON          equ	76	;# 
   105   000060                     PMD0            equ	96	;# 
   106   000061                     PMD1            equ	97	;# 
   107   000063                     PMD3            equ	99	;# 
   108   000064                     PMD4            equ	100	;# 
   109   000065                     PMD5            equ	101	;# 
   110   000066                     PMD6            equ	102	;# 
   111   000067                     PMD7            equ	103	;# 
   112   000068                     PMD8            equ	104	;# 
   113   00006A                     MD1CON0         equ	106	;# 
   114   00006B                     MD1CON1         equ	107	;# 
   115   00006C                     MD1SRC          equ	108	;# 
   116   00006D                     MD1CARL         equ	109	;# 
   117   00006E                     MD1CARH         equ	110	;# 
   118   00006F                     CMOUT           equ	111	;# 
   119   000070                     CM1CON0         equ	112	;# 
   120   000071                     CM1CON1         equ	113	;# 
   121   000072                     CM1NCH          equ	114	;# 
   122   000073                     CM1PCH          equ	115	;# 
   123   000074                     CM2CON0         equ	116	;# 
   124   000075                     CM2CON1         equ	117	;# 
   125   000076                     CM2NCH          equ	118	;# 
   126   000077                     CM2PCH          equ	119	;# 
   127   000078                     WDTCON0         equ	120	;# 
   128   000079                     WDTCON1         equ	121	;# 
   129   00007A                     WDTPS           equ	122	;# 
   130   00007A                     WDTPSL          equ	122	;# 
   131   00007B                     WDTPSH          equ	123	;# 
   132   00007C                     WDTTMR          equ	124	;# 
   133   00007D                     DAC1DAT         equ	125	;# 
   134   00007D                     DAC1DATL        equ	125	;# 
   135   00007F                     DAC1CON         equ	127	;# 
   136   000080                     SPI1RXB         equ	128	;# 
   137   000081                     SPI1TXB         equ	129	;# 
   138   000082                     SPI1TCNT        equ	130	;# 
   139   000082                     SPI1TCNTL       equ	130	;# 
   140   000083                     SPI1TCNTH       equ	131	;# 
   141   000084                     SPI1CON0        equ	132	;# 
   142   000085                     SPI1CON1        equ	133	;# 
   143   000086                     SPI1CON2        equ	134	;# 
   144   000087                     SPI1STATUS      equ	135	;# 
   145   000088                     SPI1TWIDTH      equ	136	;# 
   146   000089                     SPI1BAUD        equ	137	;# 
   147   00008A                     SPI1INTF        equ	138	;# 
   148   00008B                     SPI1INTE        equ	139	;# 
   149   00008C                     SPI1CLK         equ	140	;# 
   150   00008D                     SPI2RXB         equ	141	;# 
   151   00008E                     SPI2TXB         equ	142	;# 
   152   00008F                     SPI2TCNT        equ	143	;# 
   153   00008F                     SPI2TCNTL       equ	143	;# 
   154   000090                     SPI2TCNTH       equ	144	;# 
   155   000091                     SPI2CON0        equ	145	;# 
   156   000092                     SPI2CON1        equ	146	;# 
   157   000093                     SPI2CON2        equ	147	;# 
   158   000094                     SPI2STATUS      equ	148	;# 
   159   000095                     SPI2TWIDTH      equ	149	;# 
   160   000096                     SPI2BAUD        equ	150	;# 
   161   000097                     SPI2INTF        equ	151	;# 
   162   000098                     SPI2INTE        equ	152	;# 
   163   000099                     SPI2CLK         equ	153	;# 
   164   0000AC                     ACTCON          equ	172	;# 
   165   0000AD                     OSCCON1         equ	173	;# 
   166   0000AE                     OSCCON2         equ	174	;# 
   167   0000AF                     OSCCON3         equ	175	;# 
   168   0000B0                     OSCTUNE         equ	176	;# 
   169   0000B1                     OSCFRQ          equ	177	;# 
   170   0000B1                     OSCFREQ         equ	177	;# 
   171   0000B2                     OSCSTAT         equ	178	;# 
   172   0000B2                     OSCSTAT1        equ	178	;# 
   173   0000B3                     OSCEN           equ	179	;# 
   174   0000B4                     PRLOCK          equ	180	;# 
   175   0000B5                     SCANPR          equ	181	;# 
   176   0000B6                     DMA1PR          equ	182	;# 
   177   0000B7                     DMA2PR          equ	183	;# 
   178   0000B8                     DMA3PR          equ	184	;# 
   179   0000B9                     DMA4PR          equ	185	;# 
   180   0000BA                     DMA5PR          equ	186	;# 
   181   0000BB                     DMA6PR          equ	187	;# 
   182   0000BE                     MAINPR          equ	190	;# 
   183   0000BF                     ISRPR           equ	191	;# 
   184   0000D4                     CLCDATA         equ	212	;# 
   185   0000D5                     CLCSELECT       equ	213	;# 
   186   0000D6                     CLCnCON         equ	214	;# 
   187   0000D7                     CLCnPOL         equ	215	;# 
   188   0000D8                     CLCnSEL0        equ	216	;# 
   189   0000D9                     CLCnSEL1        equ	217	;# 
   190   0000DA                     CLCnSEL2        equ	218	;# 
   191   0000DB                     CLCnSEL3        equ	219	;# 
   192   0000DC                     CLCnGLS0        equ	220	;# 
   193   0000DD                     CLCnGLS1        equ	221	;# 
   194   0000DE                     CLCnGLS2        equ	222	;# 
   195   0000DF                     CLCnGLS3        equ	223	;# 
   196   0000E8                     DMASELECT       equ	232	;# 
   197   0000E9                     DMAnBUF         equ	233	;# 
   198   0000EA                     DMAnDCNT        equ	234	;# 
   199   0000EA                     DMAnDCNTL       equ	234	;# 
   200   0000EB                     DMAnDCNTH       equ	235	;# 
   201   0000EC                     DMAnDPTR        equ	236	;# 
   202   0000EC                     DMAnDPTRL       equ	236	;# 
   203   0000ED                     DMAnDPTRH       equ	237	;# 
   204   0000EE                     DMAnDSZ         equ	238	;# 
   205   0000EE                     DMAnDSZL        equ	238	;# 
   206   0000EF                     DMAnDSZH        equ	239	;# 
   207   0000F0                     DMAnDSA         equ	240	;# 
   208   0000F0                     DMAnDSAL        equ	240	;# 
   209   0000F1                     DMAnDSAH        equ	241	;# 
   210   0000F2                     DMAnSCNT        equ	242	;# 
   211   0000F2                     DMAnSCNTL       equ	242	;# 
   212   0000F3                     DMAnSCNTH       equ	243	;# 
   213   0000F4                     DMAnSPTR        equ	244	;# 
   214   0000F4                     DMAnSPTRL       equ	244	;# 
   215   0000F5                     DMAnSPTRH       equ	245	;# 
   216   0000F6                     DMAnSPTRU       equ	246	;# 
   217   0000F7                     DMAnSSZ         equ	247	;# 
   218   0000F7                     DMAnSSZL        equ	247	;# 
   219   0000F8                     DMAnSSZH        equ	248	;# 
   220   0000F9                     DMAnSSA         equ	249	;# 
   221   0000F9                     DMAnSSAL        equ	249	;# 
   222   0000FA                     DMAnSSAH        equ	250	;# 
   223   0000FB                     DMAnSSAU        equ	251	;# 
   224   0000FC                     DMAnCON0        equ	252	;# 
   225   0000FD                     DMAnCON1        equ	253	;# 
   226   0000FE                     DMAnAIRQ        equ	254	;# 
   227   0000FF                     DMAnSIRQ        equ	255	;# 
   228   000200                     PPSLOCK         equ	512	;# 
   229   000201                     RA0PPS          equ	513	;# 
   230   000202                     RA1PPS          equ	514	;# 
   231   000203                     RA2PPS          equ	515	;# 
   232   000204                     RA3PPS          equ	516	;# 
   233   000205                     RA4PPS          equ	517	;# 
   234   000206                     RA5PPS          equ	518	;# 
   235   000207                     RA6PPS          equ	519	;# 
   236   000208                     RA7PPS          equ	520	;# 
   237   000209                     RB0PPS          equ	521	;# 
   238   00020A                     RB1PPS          equ	522	;# 
   239   00020B                     RB2PPS          equ	523	;# 
   240   00020C                     RB3PPS          equ	524	;# 
   241   00020D                     RB4PPS          equ	525	;# 
   242   00020E                     RB5PPS          equ	526	;# 
   243   00020F                     RB6PPS          equ	527	;# 
   244   000210                     RB7PPS          equ	528	;# 
   245   000211                     RC0PPS          equ	529	;# 
   246   000212                     RC1PPS          equ	530	;# 
   247   000213                     RC2PPS          equ	531	;# 
   248   000214                     RC3PPS          equ	532	;# 
   249   000215                     RC4PPS          equ	533	;# 
   250   000216                     RC5PPS          equ	534	;# 
   251   000217                     RC6PPS          equ	535	;# 
   252   000218                     RC7PPS          equ	536	;# 
   253   000219                     RD0PPS          equ	537	;# 
   254   00021A                     RD1PPS          equ	538	;# 
   255   00021B                     RD2PPS          equ	539	;# 
   256   00021C                     RD3PPS          equ	540	;# 
   257   00021D                     RD4PPS          equ	541	;# 
   258   00021E                     RD5PPS          equ	542	;# 
   259   00021F                     RD6PPS          equ	543	;# 
   260   000220                     RD7PPS          equ	544	;# 
   261   000221                     RE0PPS          equ	545	;# 
   262   000222                     RE1PPS          equ	546	;# 
   263   000223                     RE2PPS          equ	547	;# 
   264   000229                     RF0PPS          equ	553	;# 
   265   00022A                     RF1PPS          equ	554	;# 
   266   00022B                     RF2PPS          equ	555	;# 
   267   00022C                     RF3PPS          equ	556	;# 
   268   00022D                     RF4PPS          equ	557	;# 
   269   00022E                     RF5PPS          equ	558	;# 
   270   00022F                     RF6PPS          equ	559	;# 
   271   000230                     RF7PPS          equ	560	;# 
   272   00023E                     INT0PPS         equ	574	;# 
   273   00023F                     INT1PPS         equ	575	;# 
   274   000240                     INT2PPS         equ	576	;# 
   275   000241                     T0CKIPPS        equ	577	;# 
   276   000242                     T1CKIPPS        equ	578	;# 
   277   000243                     T1GPPS          equ	579	;# 
   278   000244                     T3CKIPPS        equ	580	;# 
   279   000245                     T3GPPS          equ	581	;# 
   280   000246                     T5CKIPPS        equ	582	;# 
   281   000247                     T5GPPS          equ	583	;# 
   282   000248                     T2INPPS         equ	584	;# 
   283   000249                     T4INPPS         equ	585	;# 
   284   00024A                     T6INPPS         equ	586	;# 
   285   00024F                     CCP1PPS         equ	591	;# 
   286   000250                     CCP2PPS         equ	592	;# 
   287   000251                     CCP3PPS         equ	593	;# 
   288   000253                     PWM1ERSPPS      equ	595	;# 
   289   000254                     PWM2ERSPPS      equ	596	;# 
   290   000255                     PWM3ERSPPS      equ	597	;# 
   291   000257                     PWMIN0PPS       equ	599	;# 
   292   000258                     PWMIN1PPS       equ	600	;# 
   293   000259                     SMT1WINPPS      equ	601	;# 
   294   00025A                     SMT1SIGPPS      equ	602	;# 
   295   00025B                     CWG1PPS         equ	603	;# 
   296   00025B                     CWG1INPPS       equ	603	;# 
   297   00025C                     CWG2PPS         equ	604	;# 
   298   00025C                     CWG2INPPS       equ	604	;# 
   299   00025D                     CWG3PPS         equ	605	;# 
   300   00025D                     CWG3INPPS       equ	605	;# 
   301   00025E                     MD1CARLPPS      equ	606	;# 
   302   00025E                     MDCARLPPS       equ	606	;# 
   303   00025F                     MD1CARHPPS      equ	607	;# 
   304   00025F                     MDCARHPPS       equ	607	;# 
   305   000260                     MD1SRCPPS       equ	608	;# 
   306   000260                     MDSRCPPS        equ	608	;# 
   307   000261                     CLCIN0PPS       equ	609	;# 
   308   000262                     CLCIN1PPS       equ	610	;# 
   309   000263                     CLCIN2PPS       equ	611	;# 
   310   000264                     CLCIN3PPS       equ	612	;# 
   311   000265                     CLCIN4PPS       equ	613	;# 
   312   000266                     CLCIN5PPS       equ	614	;# 
   313   000267                     CLCIN6PPS       equ	615	;# 
   314   000268                     CLCIN7PPS       equ	616	;# 
   315   000269                     ADACTPPS        equ	617	;# 
   316   00026A                     SPI1SCKPPS      equ	618	;# 
   317   00026B                     SPI1SDIPPS      equ	619	;# 
   318   00026C                     SPI1SSPPS       equ	620	;# 
   319   00026D                     SPI2SCKPPS      equ	621	;# 
   320   00026E                     SPI2SDIPPS      equ	622	;# 
   321   00026F                     SPI2SSPPS       equ	623	;# 
   322   000270                     I2C1SDAPPS      equ	624	;# 
   323   000271                     I2C1SCLPPS      equ	625	;# 
   324   000272                     U1RXPPS         equ	626	;# 
   325   000273                     U1CTSPPS        equ	627	;# 
   326   000274                     U2RXPPS         equ	628	;# 
   327   000275                     U2CTSPPS        equ	629	;# 
   328   000276                     U3RXPPS         equ	630	;# 
   329   000277                     U3CTSPPS        equ	631	;# 
   330   000278                     U4RXPPS         equ	632	;# 
   331   000279                     U4CTSPPS        equ	633	;# 
   332   00027A                     U5RXPPS         equ	634	;# 
   333   00027B                     U5CTSPPS        equ	635	;# 
   334   000286                     RC4I2C          equ	646	;# 
   335   000287                     RC3I2C          equ	647	;# 
   336   000288                     RB2I2C          equ	648	;# 
   337   000289                     RB1I2C          equ	649	;# 
   338   00028B                     I2C1RXB         equ	651	;# 
   339   00028C                     I2C1TXB         equ	652	;# 
   340   00028D                     I2C1CNT         equ	653	;# 
   341   00028E                     I2C1ADB0        equ	654	;# 
   342   00028F                     I2C1ADB1        equ	655	;# 
   343   000290                     I2C1ADR0        equ	656	;# 
   344   000291                     I2C1ADR1        equ	657	;# 
   345   000292                     I2C1ADR2        equ	658	;# 
   346   000293                     I2C1ADR3        equ	659	;# 
   347   000294                     I2C1CON0        equ	660	;# 
   348   000295                     I2C1CON1        equ	661	;# 
   349   000296                     I2C1CON2        equ	662	;# 
   350   000297                     I2C1ERR         equ	663	;# 
   351   000298                     I2C1STAT0       equ	664	;# 
   352   000299                     I2C1STAT1       equ	665	;# 
   353   00029A                     I2C1PIR         equ	666	;# 
   354   00029B                     I2C1PIE         equ	667	;# 
   355   00029C                     I2C1CLK         equ	668	;# 
   356   00029D                     I2C1BTO         equ	669	;# 
   357   0002A1                     U1RXB           equ	673	;# 
   358   0002A1                     U1RXBL          equ	673	;# 
   359   0002A2                     U1RXCHK         equ	674	;# 
   360   0002A3                     U1TXB           equ	675	;# 
   361   0002A3                     U1TXBL          equ	675	;# 
   362   0002A4                     U1TXCHK         equ	676	;# 
   363   0002A5                     U1P1            equ	677	;# 
   364   0002A5                     U1P1L           equ	677	;# 
   365   0002A6                     U1P1H           equ	678	;# 
   366   0002A7                     U1P2            equ	679	;# 
   367   0002A7                     U1P2L           equ	679	;# 
   368   0002A8                     U1P2H           equ	680	;# 
   369   0002A9                     U1P3            equ	681	;# 
   370   0002A9                     U1P3L           equ	681	;# 
   371   0002AA                     U1P3H           equ	682	;# 
   372   0002AB                     U1CON0          equ	683	;# 
   373   0002AC                     U1CON1          equ	684	;# 
   374   0002AD                     U1CON2          equ	685	;# 
   375   0002AE                     U1BRG           equ	686	;# 
   376   0002AE                     U1BRGL          equ	686	;# 
   377   0002AF                     U1BRGH          equ	687	;# 
   378   0002B0                     U1FIFO          equ	688	;# 
   379   0002B1                     U1UIR           equ	689	;# 
   380   0002B2                     U1ERRIR         equ	690	;# 
   381   0002B3                     U1ERRIE         equ	691	;# 
   382   0002B4                     U2RXB           equ	692	;# 
   383   0002B4                     U2RXBL          equ	692	;# 
   384   0002B6                     U2TXB           equ	694	;# 
   385   0002B6                     U2TXBL          equ	694	;# 
   386   0002B8                     U2P1            equ	696	;# 
   387   0002B8                     U2P1L           equ	696	;# 
   388   0002BA                     U2P2            equ	698	;# 
   389   0002BA                     U2P2L           equ	698	;# 
   390   0002BC                     U2P3            equ	700	;# 
   391   0002BC                     U2P3L           equ	700	;# 
   392   0002BE                     U2CON0          equ	702	;# 
   393   0002BF                     U2CON1          equ	703	;# 
   394   0002C0                     U2CON2          equ	704	;# 
   395   0002C1                     U2BRG           equ	705	;# 
   396   0002C1                     U2BRGL          equ	705	;# 
   397   0002C2                     U2BRGH          equ	706	;# 
   398   0002C3                     U2FIFO          equ	707	;# 
   399   0002C4                     U2UIR           equ	708	;# 
   400   0002C5                     U2ERRIR         equ	709	;# 
   401   0002C6                     U2ERRIE         equ	710	;# 
   402   0002C7                     U3RXB           equ	711	;# 
   403   0002C7                     U3RXBL          equ	711	;# 
   404   0002C9                     U3TXB           equ	713	;# 
   405   0002C9                     U3TXBL          equ	713	;# 
   406   0002CB                     U3P1            equ	715	;# 
   407   0002CB                     U3P1L           equ	715	;# 
   408   0002CD                     U3P2            equ	717	;# 
   409   0002CD                     U3P2L           equ	717	;# 
   410   0002CF                     U3P3            equ	719	;# 
   411   0002CF                     U3P3L           equ	719	;# 
   412   0002D1                     U3CON0          equ	721	;# 
   413   0002D2                     U3CON1          equ	722	;# 
   414   0002D3                     U3CON2          equ	723	;# 
   415   0002D4                     U3BRG           equ	724	;# 
   416   0002D4                     U3BRGL          equ	724	;# 
   417   0002D5                     U3BRGH          equ	725	;# 
   418   0002D6                     U3FIFO          equ	726	;# 
   419   0002D7                     U3UIR           equ	727	;# 
   420   0002D8                     U3ERRIR         equ	728	;# 
   421   0002D9                     U3ERRIE         equ	729	;# 
   422   0002DA                     U4RXB           equ	730	;# 
   423   0002DA                     U4RXBL          equ	730	;# 
   424   0002DC                     U4TXB           equ	732	;# 
   425   0002DC                     U4TXBL          equ	732	;# 
   426   0002DE                     U4P1            equ	734	;# 
   427   0002DE                     U4P1L           equ	734	;# 
   428   0002E0                     U4P2            equ	736	;# 
   429   0002E0                     U4P2L           equ	736	;# 
   430   0002E2                     U4P3            equ	738	;# 
   431   0002E2                     U4P3L           equ	738	;# 
   432   0002E4                     U4CON0          equ	740	;# 
   433   0002E5                     U4CON1          equ	741	;# 
   434   0002E6                     U4CON2          equ	742	;# 
   435   0002E7                     U4BRG           equ	743	;# 
   436   0002E7                     U4BRGL          equ	743	;# 
   437   0002E8                     U4BRGH          equ	744	;# 
   438   0002E9                     U4FIFO          equ	745	;# 
   439   0002EA                     U4UIR           equ	746	;# 
   440   0002EB                     U4ERRIR         equ	747	;# 
   441   0002EC                     U4ERRIE         equ	748	;# 
   442   0002ED                     U5RXB           equ	749	;# 
   443   0002ED                     U5RXBL          equ	749	;# 
   444   0002EF                     U5TXB           equ	751	;# 
   445   0002EF                     U5TXBL          equ	751	;# 
   446   0002F1                     U5P1            equ	753	;# 
   447   0002F1                     U5P1L           equ	753	;# 
   448   0002F3                     U5P2            equ	755	;# 
   449   0002F3                     U5P2L           equ	755	;# 
   450   0002F5                     U5P3            equ	757	;# 
   451   0002F5                     U5P3L           equ	757	;# 
   452   0002F7                     U5CON0          equ	759	;# 
   453   0002F8                     U5CON1          equ	760	;# 
   454   0002F9                     U5CON2          equ	761	;# 
   455   0002FA                     U5BRG           equ	762	;# 
   456   0002FA                     U5BRGL          equ	762	;# 
   457   0002FB                     U5BRGH          equ	763	;# 
   458   0002FC                     U5FIFO          equ	764	;# 
   459   0002FD                     U5UIR           equ	765	;# 
   460   0002FE                     U5ERRIR         equ	766	;# 
   461   0002FF                     U5ERRIE         equ	767	;# 
   462   000300                     SMT1TMR         equ	768	;# 
   463   000300                     SMT1TMRL        equ	768	;# 
   464   000301                     SMT1TMRH        equ	769	;# 
   465   000302                     SMT1TMRU        equ	770	;# 
   466   000303                     SMT1CPR         equ	771	;# 
   467   000303                     SMT1CPRL        equ	771	;# 
   468   000304                     SMT1CPRH        equ	772	;# 
   469   000305                     SMT1CPRU        equ	773	;# 
   470   000306                     SMT1CPW         equ	774	;# 
   471   000306                     SMT1CPWL        equ	774	;# 
   472   000307                     SMT1CPWH        equ	775	;# 
   473   000308                     SMT1CPWU        equ	776	;# 
   474   000309                     SMT1PR          equ	777	;# 
   475   000309                     SMT1PRL         equ	777	;# 
   476   00030A                     SMT1PRH         equ	778	;# 
   477   00030B                     SMT1PRU         equ	779	;# 
   478   00030C                     SMT1CON0        equ	780	;# 
   479   00030D                     SMT1CON1        equ	781	;# 
   480   00030E                     SMT1STAT        equ	782	;# 
   481   00030F                     SMT1CLK         equ	783	;# 
   482   000310                     SMT1SIG         equ	784	;# 
   483   000311                     SMT1WIN         equ	785	;# 
   484   000318                     TMR0L           equ	792	;# 
   485   000318                     TMR0            equ	792	;# 
   486   000319                     TMR0H           equ	793	;# 
   487   000319                     PR0             equ	793	;# 
   488   00031A                     T0CON0          equ	794	;# 
   489   00031B                     T0CON1          equ	795	;# 
   490   00031C                     TMR1            equ	796	;# 
   491   00031C                     TMR1L           equ	796	;# 
   492   00031D                     TMR1H           equ	797	;# 
   493   00031E                     T1CON           equ	798	;# 
   494   00031E                     TMR1CON         equ	798	;# 
   495   00031F                     T1GCON          equ	799	;# 
   496   00031F                     TMR1GCON        equ	799	;# 
   497   000320                     T1GATE          equ	800	;# 
   498   000320                     TMR1GATE        equ	800	;# 
   499   000321                     T1CLK           equ	801	;# 
   500   000321                     TMR1CLK         equ	801	;# 
   501   000321                     PR1             equ	801	;# 
   502   000322                     T2TMR           equ	802	;# 
   503   000322                     TMR2            equ	802	;# 
   504   000323                     T2PR            equ	803	;# 
   505   000323                     PR2             equ	803	;# 
   506   000324                     T2CON           equ	804	;# 
   507   000325                     T2HLT           equ	805	;# 
   508   000326                     T2CLKCON        equ	806	;# 
   509   000326                     T2CLK           equ	806	;# 
   510   000327                     T2RST           equ	807	;# 
   511   000328                     TMR3            equ	808	;# 
   512   000328                     TMR3L           equ	808	;# 
   513   000329                     TMR3H           equ	809	;# 
   514   00032A                     T3CON           equ	810	;# 
   515   00032A                     TMR3CON         equ	810	;# 
   516   00032B                     T3GCON          equ	811	;# 
   517   00032B                     TMR3GCON        equ	811	;# 
   518   00032C                     T3GATE          equ	812	;# 
   519   00032C                     TMR3GATE        equ	812	;# 
   520   00032D                     T3CLK           equ	813	;# 
   521   00032D                     TMR3CLK         equ	813	;# 
   522   00032D                     PR3             equ	813	;# 
   523   00032E                     T4TMR           equ	814	;# 
   524   00032E                     TMR4            equ	814	;# 
   525   00032F                     T4PR            equ	815	;# 
   526   00032F                     PR4             equ	815	;# 
   527   000330                     T4CON           equ	816	;# 
   528   000331                     T4HLT           equ	817	;# 
   529   000332                     T4CLKCON        equ	818	;# 
   530   000332                     T4CLK           equ	818	;# 
   531   000333                     T4RST           equ	819	;# 
   532   000334                     TMR5            equ	820	;# 
   533   000334                     TMR5L           equ	820	;# 
   534   000335                     TMR5H           equ	821	;# 
   535   000336                     T5CON           equ	822	;# 
   536   000336                     TMR5CON         equ	822	;# 
   537   000337                     T5GCON          equ	823	;# 
   538   000337                     TMR5GCON        equ	823	;# 
   539   000338                     T5GATE          equ	824	;# 
   540   000338                     TMR5GATE        equ	824	;# 
   541   000339                     T5CLK           equ	825	;# 
   542   000339                     TMR5CLK         equ	825	;# 
   543   000339                     PR5             equ	825	;# 
   544   00033A                     T6TMR           equ	826	;# 
   545   00033A                     TMR6            equ	826	;# 
   546   00033B                     T6PR            equ	827	;# 
   547   00033B                     PR6             equ	827	;# 
   548   00033C                     T6CON           equ	828	;# 
   549   00033D                     T6HLT           equ	829	;# 
   550   00033E                     T6CLKCON        equ	830	;# 
   551   00033E                     T6CLK           equ	830	;# 
   552   00033F                     T6RST           equ	831	;# 
   553   000340                     CCPR1           equ	832	;# 
   554   000340                     CCPR1L          equ	832	;# 
   555   000341                     CCPR1H          equ	833	;# 
   556   000342                     CCP1CON         equ	834	;# 
   557   000343                     CCP1CAP         equ	835	;# 
   558   000344                     CCPR2           equ	836	;# 
   559   000344                     CCPR2L          equ	836	;# 
   560   000345                     CCPR2H          equ	837	;# 
   561   000346                     CCP2CON         equ	838	;# 
   562   000347                     CCP2CAP         equ	839	;# 
   563   000348                     CCPR3           equ	840	;# 
   564   000348                     CCPR3L          equ	840	;# 
   565   000349                     CCPR3H          equ	841	;# 
   566   00034A                     CCP3CON         equ	842	;# 
   567   00034B                     CCP3CAP         equ	843	;# 
   568   00034C                     CCPTMRS0        equ	844	;# 
   569   00034F                     CRCDATA         equ	847	;# 
   570   00034F                     CRCDATL         equ	847	;# 
   571   000350                     CRCDATH         equ	848	;# 
   572   000351                     CRCACC          equ	849	;# 
   573   000351                     CRCACCL         equ	849	;# 
   574   000352                     CRCACCH         equ	850	;# 
   575   000353                     CRCSHFT         equ	851	;# 
   576   000353                     CRCSHIFTL       equ	851	;# 
   577   000354                     CRCSHIFTH       equ	852	;# 
   578   000355                     CRCXOR          equ	853	;# 
   579   000355                     CRCXORL         equ	853	;# 
   580   000356                     CRCXORH         equ	854	;# 
   581   000357                     CRCCON0         equ	855	;# 
   582   000358                     CRCCON1         equ	856	;# 
   583   00035A                     SCANLADR        equ	858	;# 
   584   00035A                     SCANLADRL       equ	858	;# 
   585   00035B                     SCANLADRH       equ	859	;# 
   586   00035C                     SCANLADRU       equ	860	;# 
   587   00035D                     SCANHADR        equ	861	;# 
   588   00035D                     SCANHADRL       equ	861	;# 
   589   00035E                     SCANHADRH       equ	862	;# 
   590   00035F                     SCANHADRU       equ	863	;# 
   591   000360                     SCANCON0        equ	864	;# 
   592   000361                     SCANTRIG        equ	865	;# 
   593   000362                     IPR0            equ	866	;# 
   594   000363                     IPR1            equ	867	;# 
   595   000364                     IPR2            equ	868	;# 
   596   000365                     IPR3            equ	869	;# 
   597   000366                     IPR4            equ	870	;# 
   598   000367                     IPR5            equ	871	;# 
   599   000368                     IPR6            equ	872	;# 
   600   000369                     IPR7            equ	873	;# 
   601   00036A                     IPR8            equ	874	;# 
   602   00036B                     IPR9            equ	875	;# 
   603   00036C                     IPR10           equ	876	;# 
   604   00036D                     IPR11           equ	877	;# 
   605   00036E                     IPR12           equ	878	;# 
   606   00036F                     IPR13           equ	879	;# 
   607   000370                     IPR14           equ	880	;# 
   608   000371                     IPR15           equ	881	;# 
   609   000373                     STATUS_CSHAD    equ	883	;# 
   610   000374                     WREG_CSHAD      equ	884	;# 
   611   000375                     BSR_CSHAD       equ	885	;# 
   612   000376                     SHADCON         equ	886	;# 
   613   000377                     STATUS_SHAD     equ	887	;# 
   614   000378                     WREG_SHAD       equ	888	;# 
   615   000379                     BSR_SHAD        equ	889	;# 
   616   00037A                     PCLATH_SHAD     equ	890	;# 
   617   00037B                     PCLATU_SHAD     equ	891	;# 
   618   00037C                     FSR0SH          equ	892	;# 
   619   00037C                     FSR0L_SHAD      equ	892	;# 
   620   00037D                     FSR0H_SHAD      equ	893	;# 
   621   00037E                     FSR1SH          equ	894	;# 
   622   00037E                     FSR1L_SHAD      equ	894	;# 
   623   00037F                     FSR1H_SHAD      equ	895	;# 
   624   000380                     FSR2SH          equ	896	;# 
   625   000380                     FSR2L_SHAD      equ	896	;# 
   626   000381                     FSR2H_SHAD      equ	897	;# 
   627   000382                     PRODSH          equ	898	;# 
   628   000382                     PRODL_SHAD      equ	898	;# 
   629   000383                     PRODH_SHAD      equ	899	;# 
   630   0003BC                     CWG1CLK         equ	956	;# 
   631   0003BC                     CWG1CLKCON      equ	956	;# 
   632   0003BD                     CWG1ISM         equ	957	;# 
   633   0003BD                     CWG1DAT         equ	957	;# 
   634   0003BE                     CWG1DBR         equ	958	;# 
   635   0003BF                     CWG1DBF         equ	959	;# 
   636   0003C0                     CWG1CON0        equ	960	;# 
   637   0003C1                     CWG1CON1        equ	961	;# 
   638   0003C2                     CWG1AS0         equ	962	;# 
   639   0003C3                     CWG1AS1         equ	963	;# 
   640   0003C4                     CWG1STR         equ	964	;# 
   641   0003C5                     CWG2CLK         equ	965	;# 
   642   0003C5                     CWG2CLKCON      equ	965	;# 
   643   0003C6                     CWG2ISM         equ	966	;# 
   644   0003C6                     CWG2DAT         equ	966	;# 
   645   0003C7                     CWG2DBR         equ	967	;# 
   646   0003C8                     CWG2DBF         equ	968	;# 
   647   0003C9                     CWG2CON0        equ	969	;# 
   648   0003CA                     CWG2CON1        equ	970	;# 
   649   0003CB                     CWG2AS0         equ	971	;# 
   650   0003CC                     CWG2AS1         equ	972	;# 
   651   0003CD                     CWG2STR         equ	973	;# 
   652   0003CE                     CWG3CLK         equ	974	;# 
   653   0003CE                     CWG3CLKCON      equ	974	;# 
   654   0003CF                     CWG3ISM         equ	975	;# 
   655   0003CF                     CWG3DAT         equ	975	;# 
   656   0003D0                     CWG3DBR         equ	976	;# 
   657   0003D1                     CWG3DBF         equ	977	;# 
   658   0003D2                     CWG3CON0        equ	978	;# 
   659   0003D3                     CWG3CON1        equ	979	;# 
   660   0003D4                     CWG3AS0         equ	980	;# 
   661   0003D5                     CWG3AS1         equ	981	;# 
   662   0003D6                     CWG3STR         equ	982	;# 
   663   0003D7                     FVRCON          equ	983	;# 
   664   0003D8                     ADCPCON         equ	984	;# 
   665   0003D8                     ADCP            equ	984	;# 
   666   0003D9                     ADLTH           equ	985	;# 
   667   0003D9                     ADLTHL          equ	985	;# 
   668   0003DA                     ADLTHH          equ	986	;# 
   669   0003DB                     ADUTH           equ	987	;# 
   670   0003DB                     ADUTHL          equ	987	;# 
   671   0003DC                     ADUTHH          equ	988	;# 
   672   0003DD                     ADERR           equ	989	;# 
   673   0003DD                     ADERRL          equ	989	;# 
   674   0003DE                     ADERRH          equ	990	;# 
   675   0003DF                     ADSTPT          equ	991	;# 
   676   0003DF                     ADSTPTL         equ	991	;# 
   677   0003E0                     ADSTPTH         equ	992	;# 
   678   0003E1                     ADFLTR          equ	993	;# 
   679   0003E1                     ADFLTRL         equ	993	;# 
   680   0003E2                     ADFLTRH         equ	994	;# 
   681   0003E3                     ADACC           equ	995	;# 
   682   0003E3                     ADACCL          equ	995	;# 
   683   0003E4                     ADACCH          equ	996	;# 
   684   0003E5                     ADACCU          equ	997	;# 
   685   0003E6                     ADCNT           equ	998	;# 
   686   0003E7                     ADRPT           equ	999	;# 
   687   0003E8                     ADPREV          equ	1000	;# 
   688   0003E8                     ADPREVL         equ	1000	;# 
   689   0003E9                     ADPREVH         equ	1001	;# 
   690   0003EA                     ADRES           equ	1002	;# 
   691   0003EA                     ADRESL          equ	1002	;# 
   692   0003EB                     ADRESH          equ	1003	;# 
   693   0003EC                     ADPCH           equ	1004	;# 
   694   0003EE                     ADACQ           equ	1006	;# 
   695   0003EE                     ADACQL          equ	1006	;# 
   696   0003EF                     ADACQH          equ	1007	;# 
   697   0003F0                     ADCAP           equ	1008	;# 
   698   0003F1                     ADPRE           equ	1009	;# 
   699   0003F1                     ADPREL          equ	1009	;# 
   700   0003F2                     ADPREH          equ	1010	;# 
   701   0003F3                     ADCON0          equ	1011	;# 
   702   0003F4                     ADCON1          equ	1012	;# 
   703   0003F5                     ADCON2          equ	1013	;# 
   704   0003F6                     ADCON3          equ	1014	;# 
   705   0003F7                     ADSTAT          equ	1015	;# 
   706   0003F8                     ADREF           equ	1016	;# 
   707   0003F9                     ADACT           equ	1017	;# 
   708   0003FA                     ADCLK           equ	1018	;# 
   709   000400                     ANSELA          equ	1024	;# 
   710   000401                     WPUA            equ	1025	;# 
   711   000402                     ODCONA          equ	1026	;# 
   712   000403                     SLRCONA         equ	1027	;# 
   713   000404                     INLVLA          equ	1028	;# 
   714   000405                     IOCAP           equ	1029	;# 
   715   000406                     IOCAN           equ	1030	;# 
   716   000407                     IOCAF           equ	1031	;# 
   717   000408                     ANSELB          equ	1032	;# 
   718   000409                     WPUB            equ	1033	;# 
   719   00040A                     ODCONB          equ	1034	;# 
   720   00040B                     SLRCONB         equ	1035	;# 
   721   00040C                     INLVLB          equ	1036	;# 
   722   00040D                     IOCBP           equ	1037	;# 
   723   00040E                     IOCBN           equ	1038	;# 
   724   00040F                     IOCBF           equ	1039	;# 
   725   000410                     ANSELC          equ	1040	;# 
   726   000411                     WPUC            equ	1041	;# 
   727   000412                     ODCONC          equ	1042	;# 
   728   000413                     SLRCONC         equ	1043	;# 
   729   000414                     INLVLC          equ	1044	;# 
   730   000415                     IOCCP           equ	1045	;# 
   731   000416                     IOCCN           equ	1046	;# 
   732   000417                     IOCCF           equ	1047	;# 
   733   000418                     ANSELD          equ	1048	;# 
   734   000419                     WPUD            equ	1049	;# 
   735   00041A                     ODCOND          equ	1050	;# 
   736   00041B                     SLRCOND         equ	1051	;# 
   737   00041C                     INLVLD          equ	1052	;# 
   738   000420                     ANSELE          equ	1056	;# 
   739   000421                     WPUE            equ	1057	;# 
   740   000422                     ODCONE          equ	1058	;# 
   741   000423                     SLRCONE         equ	1059	;# 
   742   000424                     INLVLE          equ	1060	;# 
   743   000425                     IOCEP           equ	1061	;# 
   744   000426                     IOCEN           equ	1062	;# 
   745   000427                     IOCEF           equ	1063	;# 
   746   000428                     ANSELF          equ	1064	;# 
   747   000429                     WPUF            equ	1065	;# 
   748   00042A                     ODCONF          equ	1066	;# 
   749   00042B                     SLRCONF         equ	1067	;# 
   750   00042C                     INLVLF          equ	1068	;# 
   751   000440                     NCO1ACC         equ	1088	;# 
   752   000440                     NCO1ACCL        equ	1088	;# 
   753   000441                     NCO1ACCH        equ	1089	;# 
   754   000442                     NCO1ACCU        equ	1090	;# 
   755   000443                     NCO1INC         equ	1091	;# 
   756   000443                     NCO1INCL        equ	1091	;# 
   757   000444                     NCO1INCH        equ	1092	;# 
   758   000445                     NCO1INCU        equ	1093	;# 
   759   000446                     NCO1CON         equ	1094	;# 
   760   000447                     NCO1CLK         equ	1095	;# 
   761   000448                     NCO2ACC         equ	1096	;# 
   762   000448                     NCO2ACCL        equ	1096	;# 
   763   000449                     NCO2ACCH        equ	1097	;# 
   764   00044A                     NCO2ACCU        equ	1098	;# 
   765   00044B                     NCO2INC         equ	1099	;# 
   766   00044B                     NCO2INCL        equ	1099	;# 
   767   00044C                     NCO2INCH        equ	1100	;# 
   768   00044D                     NCO2INCU        equ	1101	;# 
   769   00044E                     NCO2CON         equ	1102	;# 
   770   00044F                     NCO2CLK         equ	1103	;# 
   771   000450                     NCO3ACC         equ	1104	;# 
   772   000450                     NCO3ACCL        equ	1104	;# 
   773   000451                     NCO3ACCH        equ	1105	;# 
   774   000452                     NCO3ACCU        equ	1106	;# 
   775   000453                     NCO3INC         equ	1107	;# 
   776   000453                     NCO3INCL        equ	1107	;# 
   777   000454                     NCO3INCH        equ	1108	;# 
   778   000455                     NCO3INCU        equ	1109	;# 
   779   000456                     NCO3CON         equ	1110	;# 
   780   000457                     NCO3CLK         equ	1111	;# 
   781   000459                     IVTLOCK         equ	1113	;# 
   782   00045A                     IVTAD           equ	1114	;# 
   783   00045A                     IVTADL          equ	1114	;# 
   784   00045B                     IVTADH          equ	1115	;# 
   785   00045C                     IVTADU          equ	1116	;# 
   786   00045D                     IVTBASE         equ	1117	;# 
   787   00045D                     IVTBASEL        equ	1117	;# 
   788   00045E                     IVTBASEH        equ	1118	;# 
   789   00045F                     IVTBASEU        equ	1119	;# 
   790   000460                     PWM1ERS         equ	1120	;# 
   791   000461                     PWM1CLK         equ	1121	;# 
   792   000462                     PWM1LDS         equ	1122	;# 
   793   000463                     PWM1PR          equ	1123	;# 
   794   000463                     PWM1PRL         equ	1123	;# 
   795   000464                     PWM1PRH         equ	1124	;# 
   796   000465                     PWM1CPRE        equ	1125	;# 
   797   000466                     PWM1PIPOS       equ	1126	;# 
   798   000467                     PWM1GIR         equ	1127	;# 
   799   000468                     PWM1GIE         equ	1128	;# 
   800   000469                     PWM1CON         equ	1129	;# 
   801   00046A                     PWM1S1CFG       equ	1130	;# 
   802   00046B                     PWM1S1P1        equ	1131	;# 
   803   00046B                     PWM1S1P1L       equ	1131	;# 
   804   00046C                     PWM1S1P1H       equ	1132	;# 
   805   00046D                     PWM1S1P2        equ	1133	;# 
   806   00046D                     PWM1S1P2L       equ	1133	;# 
   807   00046E                     PWM1S1P2H       equ	1134	;# 
   808   00046F                     PWM2ERS         equ	1135	;# 
   809   000470                     PWM2CLK         equ	1136	;# 
   810   000471                     PWM2LDS         equ	1137	;# 
   811   000472                     PWM2PR          equ	1138	;# 
   812   000472                     PWM2PRL         equ	1138	;# 
   813   000473                     PWM2PRH         equ	1139	;# 
   814   000474                     PWM2CPRE        equ	1140	;# 
   815   000475                     PWM2PIPOS       equ	1141	;# 
   816   000476                     PWM2GIR         equ	1142	;# 
   817   000477                     PWM2GIE         equ	1143	;# 
   818   000478                     PWM2CON         equ	1144	;# 
   819   000479                     PWM2S1CFG       equ	1145	;# 
   820   00047A                     PWM2S1P1        equ	1146	;# 
   821   00047A                     PWM2S1P1L       equ	1146	;# 
   822   00047B                     PWM2S1P1H       equ	1147	;# 
   823   00047C                     PWM2S1P2        equ	1148	;# 
   824   00047C                     PWM2S1P2L       equ	1148	;# 
   825   00047D                     PWM2S1P2H       equ	1149	;# 
   826   00047E                     PWM3ERS         equ	1150	;# 
   827   00047F                     PWM3CLK         equ	1151	;# 
   828   000480                     PWM3LDS         equ	1152	;# 
   829   000481                     PWM3PR          equ	1153	;# 
   830   000481                     PWM3PRL         equ	1153	;# 
   831   000482                     PWM3PRH         equ	1154	;# 
   832   000483                     PWM3CPRE        equ	1155	;# 
   833   000484                     PWM3PIPOS       equ	1156	;# 
   834   000485                     PWM3GIR         equ	1157	;# 
   835   000486                     PWM3GIE         equ	1158	;# 
   836   000487                     PWM3CON         equ	1159	;# 
   837   000488                     PWM3S1CFG       equ	1160	;# 
   838   000489                     PWM3S1P1        equ	1161	;# 
   839   000489                     PWM3S1P1L       equ	1161	;# 
   840   00048A                     PWM3S1P1H       equ	1162	;# 
   841   00048B                     PWM3S1P2        equ	1163	;# 
   842   00048B                     PWM3S1P2L       equ	1163	;# 
   843   00048C                     PWM3S1P2H       equ	1164	;# 
   844   00049C                     PWMLOAD         equ	1180	;# 
   845   00049D                     PWMEN           equ	1181	;# 
   846   00049E                     PIE0            equ	1182	;# 
   847   00049F                     PIE1            equ	1183	;# 
   848   0004A0                     PIE2            equ	1184	;# 
   849   0004A1                     PIE3            equ	1185	;# 
   850   0004A2                     PIE4            equ	1186	;# 
   851   0004A3                     PIE5            equ	1187	;# 
   852   0004A4                     PIE6            equ	1188	;# 
   853   0004A5                     PIE7            equ	1189	;# 
   854   0004A6                     PIE8            equ	1190	;# 
   855   0004A7                     PIE9            equ	1191	;# 
   856   0004A8                     PIE10           equ	1192	;# 
   857   0004A9                     PIE11           equ	1193	;# 
   858   0004AA                     PIE12           equ	1194	;# 
   859   0004AB                     PIE13           equ	1195	;# 
   860   0004AC                     PIE14           equ	1196	;# 
   861   0004AD                     PIE15           equ	1197	;# 
   862   0004AE                     PIR0            equ	1198	;# 
   863   0004AF                     PIR1            equ	1199	;# 
   864   0004B0                     PIR2            equ	1200	;# 
   865   0004B1                     PIR3            equ	1201	;# 
   866   0004B2                     PIR4            equ	1202	;# 
   867   0004B3                     PIR5            equ	1203	;# 
   868   0004B4                     PIR6            equ	1204	;# 
   869   0004B5                     PIR7            equ	1205	;# 
   870   0004B6                     PIR8            equ	1206	;# 
   871   0004B7                     PIR9            equ	1207	;# 
   872   0004B8                     PIR10           equ	1208	;# 
   873   0004B9                     PIR11           equ	1209	;# 
   874   0004BA                     PIR12           equ	1210	;# 
   875   0004BB                     PIR13           equ	1211	;# 
   876   0004BC                     PIR14           equ	1212	;# 
   877   0004BD                     PIR15           equ	1213	;# 
   878   0004BE                     LATA            equ	1214	;# 
   879   0004BF                     LATB            equ	1215	;# 
   880   0004C0                     LATC            equ	1216	;# 
   881   0004C1                     LATD            equ	1217	;# 
   882   0004C2                     LATE            equ	1218	;# 
   883   0004C3                     LATF            equ	1219	;# 
   884   0004C6                     TRISA           equ	1222	;# 
   885   0004C7                     TRISB           equ	1223	;# 
   886   0004C8                     TRISC           equ	1224	;# 
   887   0004C9                     TRISD           equ	1225	;# 
   888   0004CA                     TRISE           equ	1226	;# 
   889   0004CB                     TRISF           equ	1227	;# 
   890   0004CE                     PORTA           equ	1230	;# 
   891   0004CF                     PORTB           equ	1231	;# 
   892   0004D0                     PORTC           equ	1232	;# 
   893   0004D1                     PORTD           equ	1233	;# 
   894   0004D2                     PORTE           equ	1234	;# 
   895   0004D3                     PORTF           equ	1235	;# 
   896   0004D6                     INTCON0         equ	1238	;# 
   897   0004D7                     INTCON1         equ	1239	;# 
   898   0004D8                     STATUS          equ	1240	;# 
   899   0004D9                     FSR2            equ	1241	;# 
   900   0004D9                     FSR2L           equ	1241	;# 
   901   0004DA                     FSR2H           equ	1242	;# 
   902   0004DB                     PLUSW2          equ	1243	;# 
   903   0004DC                     PREINC2         equ	1244	;# 
   904   0004DD                     POSTDEC2        equ	1245	;# 
   905   0004DE                     POSTINC2        equ	1246	;# 
   906   0004DF                     INDF2           equ	1247	;# 
   907   0004E0                     BSR             equ	1248	;# 
   908   0004E1                     FSR1            equ	1249	;# 
   909   0004E1                     FSR1L           equ	1249	;# 
   910   0004E2                     FSR1H           equ	1250	;# 
   911   0004E3                     PLUSW1          equ	1251	;# 
   912   0004E4                     PREINC1         equ	1252	;# 
   913   0004E5                     POSTDEC1        equ	1253	;# 
   914   0004E6                     POSTINC1        equ	1254	;# 
   915   0004E7                     INDF1           equ	1255	;# 
   916   0004E8                     WREG            equ	1256	;# 
   917   0004E9                     FSR0            equ	1257	;# 
   918   0004E9                     FSR0L           equ	1257	;# 
   919   0004EA                     FSR0H           equ	1258	;# 
   920   0004EB                     PLUSW0          equ	1259	;# 
   921   0004EC                     PREINC0         equ	1260	;# 
   922   0004ED                     POSTDEC0        equ	1261	;# 
   923   0004EE                     POSTINC0        equ	1262	;# 
   924   0004EF                     INDF0           equ	1263	;# 
   925   0004F0                     PCON0           equ	1264	;# 
   926   0004F1                     PCON1           equ	1265	;# 
   927   0004F2                     CPUDOZE         equ	1266	;# 
   928   0004F3                     PROD            equ	1267	;# 
   929   0004F3                     PRODL           equ	1267	;# 
   930   0004F4                     PRODH           equ	1268	;# 
   931   0004F5                     TABLAT          equ	1269	;# 
   932   0004F6                     TBLPTR          equ	1270	;# 
   933   0004F6                     TBLPTRL         equ	1270	;# 
   934   0004F7                     TBLPTRH         equ	1271	;# 
   935   0004F8                     TBLPTRU         equ	1272	;# 
   936   0004F9                     PCLAT           equ	1273	;# 
   937   0004F9                     PCL             equ	1273	;# 
   938   0004FA                     PCLATH          equ	1274	;# 
   939   0004FB                     PCLATU          equ	1275	;# 
   940   0004FC                     STKPTR          equ	1276	;# 
   941   0004FD                     TOS             equ	1277	;# 
   942   0004FD                     TOSL            equ	1277	;# 
   943   0004FE                     TOSH            equ	1278	;# 
   944   0004FF                     TOSU            equ	1279	;# 
   945   000428                     _ANSELF         set	1064
   946   00204C                     _WPUB4          set	8268
   947   002044                     _ANSELB4        set	8260
   948   0004CF                     _PORTB          set	1231
   949   0004C7                     _TRISB          set	1223
   950   0025F8                     _LATB0          set	9720
   951   00263C                     _TRISB4         set	9788
   952                           
   953                           ; #config settings
   954                           
   955                           	psect	cinit
   956   002630                     __pcinit:
   957                           	callstack 0
   958   002630                     start_initialization:
   959                           	callstack 0
   960   002630                     __initialization:
   961                           	callstack 0
   962   002630                     end_of_initialization:
   963                           	callstack 0
   964   002630                     __end_of__initialization:
   965                           	callstack 0
   966   002630  0100               	movlb	0
   967   002632  EF01  F013         	goto	_main	;jump to C main() function
   968                           
   969                           	psect	cstackCOMRAM
   970   000000                     __pcstackCOMRAM:
   971                           	callstack 0
   972   000000                     
   973                           ; 1 bytes @ 0x0
   974 ;;
   975 ;;Main: autosize = 0, tempsize = 0, incstack = 0, save=0
   976 ;;
   977 ;; *************** function _main *****************
   978 ;; Defined at:
   979 ;;		line 5 in file "main.c"
   980 ;; Parameters:    Size  Location     Type
   981 ;;		None
   982 ;; Auto vars:     Size  Location     Type
   983 ;;		None
   984 ;; Return value:  Size  Location     Type
   985 ;;                  1    wreg      void 
   986 ;; Registers used:
   987 ;;		wreg, status,2, status,0
   988 ;; Tracked objects:
   989 ;;		On entry : 0/0
   990 ;;		On exit  : 0/0
   991 ;;		Unchanged: 0/0
   992 ;; Data sizes:     COMRAM   BANK5   BANK6   BANK7   BANK8   BANK9  BANK10  BANK11  BANK12  BANK13  BANK14  BANK15  BANK1
      +6  BANK17  BANK18  BANK19  BANK20  BANK21  BANK22  BANK23  BANK24  BANK25  BANK26  BANK27  BANK28  BANK29  BANK30  BANK3
      +1  BANK32  BANK33  BANK34  BANK35  BANK36
   993 ;;      Params:         0       0       0       0       0       0       0       0       0       0       0       0       
      +0       0       0       0       0       0       0       0       0       0       0       0       0       0       0       
      +0       0       0       0       0       0
   994 ;;      Locals:         0       0       0       0       0       0       0       0       0       0       0       0       
      +0       0       0       0       0       0       0       0       0       0       0       0       0       0       0       
      +0       0       0       0       0       0
   995 ;;      Temps:          0       0       0       0       0       0       0       0       0       0       0       0       
      +0       0       0       0       0       0       0       0       0       0       0       0       0       0       0       
      +0       0       0       0       0       0
   996 ;;      Totals:         0       0       0       0       0       0       0       0       0       0       0       0       
      +0       0       0       0       0       0       0       0       0       0       0       0       0       0       0       
      +0       0       0       0       0       0
   997 ;;Total ram usage:        0 bytes
   998 ;; This function calls:
   999 ;;		Nothing
  1000 ;; This function is called by:
  1001 ;;		Startup code after reset
  1002 ;; This function uses a non-reentrant model
  1003 ;;
  1004                           
  1005                           	psect	text0
  1006   002602                     __ptext0:
  1007                           	callstack 0
  1008   002602                     _main:
  1009                           	callstack 127
  1010   002602                     
  1011                           ;main.c: 8:     ANSELF &= ~(1<<0);
  1012   002602  0104               	movlb	4	; () banked
  1013   002604  9128               	bcf	40,0,b	;volatile
  1014                           
  1015                           ;main.c: 9:     TRISB &= ~(1<<0);
  1016   002606  90C7               	bcf	199,0,c	;volatile
  1017   002608                     
  1018                           ; BSR set to: 4
  1019                           ;main.c: 11:     TRISB4 = 1;
  1020   002608  88C7               	bsf	1223,4,c	;volatile
  1021   00260A                     
  1022                           ; BSR set to: 4
  1023                           ;main.c: 12:     ANSELB4 = 0;
  1024   00260A  9908               	bcf	8,4,b	;volatile
  1025   00260C                     
  1026                           ; BSR set to: 4
  1027                           ;main.c: 13:     WPUB4 = 1;
  1028   00260C  8909               	bsf	9,4,b	;volatile
  1029   00260E                     l708:
  1030                           
  1031                           ;main.c: 17:         if (PORTB == 16) LATB0 = 1;
  1032   00260E  0E10               	movlw	16
  1033   002610  18CF               	xorwf	207,w,c	;volatile
  1034   002612  A4D8               	btfss	status,2,c
  1035   002614  EF0E  F013         	goto	u11
  1036   002618  EF10  F013         	goto	u10
  1037   00261C                     u11:
  1038   00261C  EF13  F013         	goto	l20
  1039   002620                     u10:
  1040   002620  80BF               	bsf	1215,0,c	;volatile
  1041   002622  EF07  F013         	goto	l708
  1042   002626                     l20:
  1043   002626  90BF               	bcf	1215,0,c	;volatile
  1044   002628  EF07  F013         	goto	l708
  1045   00262C  EFFE  F0FF         	goto	start
  1046   002630                     __end_of_main:
  1047                           	callstack 0
  1048                           
  1049                           	psect	smallconst
  1050   002600                     __psmallconst:
  1051                           	callstack 0
  1052   002600  00                 	db	0
  1053   002601  00                 	db	0	; dummy byte at the end
  1054   000000                     __activetblptr  equ	0
  1055                           
  1056                           	psect	rparam
  1057   000001                     ___rparam_used  equ	1
  1058   000000                     ___param_bank   equ	0
  1059   000000                     __Lparam        equ	__Lrparam
  1060   000000                     __Hparam        equ	__Hrparam
  1061                           
  1062                           	psect	config
  1063                           
  1064                           ;Config register CONFIG1 @ 0x300000
  1065                           ;	External Oscillator Selection
  1066                           ;	FEXTOSC = OFF, Oscillator not enabled
  1067                           ;	Reset Oscillator Selection
  1068                           ;	RSTOSC = HFINTOSC_64MHZ, HFINTOSC with HFFRQ = 64 MHz and CDIV = 1:1
  1069   300000                     	org	3145728
  1070   300000  8C                 	db	140
  1071                           
  1072                           ;Config register CONFIG2 @ 0x300001
  1073                           ;	Clock out Enable bit
  1074                           ;	CLKOUTEN = OFF, CLKOUT function is disabled
  1075                           ;	PRLOCKED One-Way Set Enable bit
  1076                           ;	PR1WAY = ON, PRLOCKED bit can be cleared and set only once
  1077                           ;	Clock Switch Enable bit
  1078                           ;	CSWEN = ON, Writing to NOSC and NDIV is allowed
  1079                           ;	Fail-Safe Clock Monitor Enable bit
  1080                           ;	FCMEN = ON, Fail-Safe Clock Monitor enabled
  1081   300001                     	org	3145729
  1082   300001  FF                 	db	255
  1083                           
  1084                           ;Config register CONFIG3 @ 0x300002
  1085                           ;	MCLR Enable bit
  1086                           ;	MCLRE = EXTMCLR, If LVP = 0, MCLR pin is MCLR; If LVP = 1, RE3 pin function is MCLR
  1087                           ;	Power-up timer selection bits
  1088                           ;	PWRTS = PWRT_64, PWRT set at 64ms
  1089                           ;	Multi-vector enable bit
  1090                           ;	MVECEN = ON, Multi-vector enabled, Vector table used for interrupts
  1091                           ;	IVTLOCK bit One-way set enable bit
  1092                           ;	IVT1WAY = ON, IVTLOCKED bit can be cleared and set only once
  1093                           ;	Low Power BOR Enable bit
  1094                           ;	LPBOREN = OFF, Low-Power BOR disabled
  1095                           ;	Brown-out Reset Enable bits
  1096                           ;	BOREN = SBORDIS, Brown-out Reset enabled , SBOREN bit is ignored
  1097   300002                     	org	3145730
  1098   300002  FD                 	db	253
  1099                           
  1100                           ;Config register CONFIG4 @ 0x300003
  1101                           ;	Brown-out Reset Voltage Selection bits
  1102                           ;	BORV = VBOR_1P9, Brown-out Reset Voltage (VBOR) set to 1.9V
  1103                           ;	ZCD Disable bit
  1104                           ;	ZCD = OFF, ZCD module is disabled. ZCD can be enabled by setting the ZCDSEN bit of ZCD
      +                          CON
  1105                           ;	PPSLOCK bit One-Way Set Enable bit
  1106                           ;	PPS1WAY = ON, PPSLOCKED bit can be cleared and set only once; PPS registers remain loc
      +                          ked after one clear/set cycle
  1107                           ;	Stack Full/Underflow Reset Enable bit
  1108                           ;	STVREN = ON, Stack full/underflow will cause Reset
  1109                           ;	Low Voltage Programming Enable bit
  1110                           ;	LVP = ON, Low voltage programming enabled. MCLR/VPP pin function is MCLR. MCLRE config
      +                          uration bit is ignored
  1111                           ;	Extended Instruction Set Enable bit
  1112                           ;	XINST = OFF, Extended Instruction Set and Indexed Addressing Mode disabled
  1113   300003                     	org	3145731
  1114   300003  FF                 	db	255
  1115                           
  1116                           ;Config register CONFIG5 @ 0x300004
  1117                           ;	WDT Period selection bits
  1118                           ;	WDTCPS = WDTCPS_31, Divider ratio 1:65536; software control of WDTPS
  1119                           ;	WDT operating mode
  1120                           ;	WDTE = OFF, WDT Disabled; SWDTEN is ignored
  1121   300004                     	org	3145732
  1122   300004  9F                 	db	159
  1123                           
  1124                           ;Config register CONFIG6 @ 0x300005
  1125                           ;	WDT Window Select bits
  1126                           ;	WDTCWS = WDTCWS_7, window always open (100%); software control; keyed access not requi
      +                          red
  1127                           ;	WDT input clock selector
  1128                           ;	WDTCCS = SC, Software Control
  1129   300005                     	org	3145733
  1130   300005  FF                 	db	255
  1131                           
  1132                           ;Config register CONFIG7 @ 0x300006
  1133                           ;	Boot Block Size selection bits
  1134                           ;	BBSIZE = BBSIZE_512, Boot Block size is 512 words
  1135                           ;	Boot Block enable bit
  1136                           ;	BBEN = OFF, Boot block disabled
  1137                           ;	Storage Area Flash enable bit
  1138                           ;	SAFEN = OFF, SAF disabled
  1139                           ;	Background Debugger
  1140                           ;	DEBUG = OFF, Background Debugger disabled
  1141   300006                     	org	3145734
  1142   300006  FF                 	db	255
  1143                           
  1144                           ;Config register CONFIG8 @ 0x300007
  1145                           ;	Boot Block Write Protection bit
  1146                           ;	WRTB = OFF, Boot Block not Write protected
  1147                           ;	Configuration Register Write Protection bit
  1148                           ;	WRTC = OFF, Configuration registers not Write protected
  1149                           ;	Data EEPROM Write Protection bit
  1150                           ;	WRTD = OFF, Data EEPROM not Write protected
  1151                           ;	SAF Write protection bit
  1152                           ;	WRTSAF = OFF, SAF not Write Protected
  1153                           ;	Application Block write protection bit
  1154                           ;	WRTAPP = OFF, Application Block not write protected
  1155   300007                     	org	3145735
  1156   300007  FF                 	db	255
  1157                           
  1158                           ;Config register CONFIG10 @ 0x300009
  1159                           ;	PFM and Data EEPROM Code Protection bit
  1160                           ;	CP = OFF, PFM and Data EEPROM code protection disabled
  1161   300009                     	org	3145737
  1162   300009  FF                 	db	255
  1163                           tosu	equ	0x4FF
  1164                           tosh	equ	0x4FE
  1165                           tosl	equ	0x4FD
  1166                           stkptr	equ	0x4FC
  1167                           pclatu	equ	0x4FB
  1168                           pclath	equ	0x4FA
  1169                           pcl	equ	0x4F9
  1170                           tblptru	equ	0x4F8
  1171                           tblptrh	equ	0x4F7
  1172                           tblptrl	equ	0x4F6
  1173                           tablat	equ	0x4F5
  1174                           prodh	equ	0x4F4
  1175                           prodl	equ	0x4F3
  1176                           indf0	equ	0x4EF
  1177                           postinc0	equ	0x4EE
  1178                           postdec0	equ	0x4ED
  1179                           preinc0	equ	0x4EC
  1180                           plusw0	equ	0x4EB
  1181                           fsr0h	equ	0x4EA
  1182                           fsr0l	equ	0x4E9
  1183                           wreg	equ	0x4E8
  1184                           indf1	equ	0x4E7
  1185                           postinc1	equ	0x4E6
  1186                           postdec1	equ	0x4E5
  1187                           preinc1	equ	0x4E4
  1188                           plusw1	equ	0x4E3
  1189                           fsr1h	equ	0x4E2
  1190                           fsr1l	equ	0x4E1
  1191                           bsr	equ	0x4E0
  1192                           indf2	equ	0x4DF
  1193                           postinc2	equ	0x4DE
  1194                           postdec2	equ	0x4DD
  1195                           preinc2	equ	0x4DC
  1196                           plusw2	equ	0x4DB
  1197                           fsr2h	equ	0x4DA
  1198                           fsr2l	equ	0x4D9
  1199                           status	equ	0x4D8

Data Sizes:
    Strings     0
    Constant    0
    Data        0
    BSS         0
    Persistent  0
    Stack       0

Auto Spaces:
    Space          Size  Autos    Used
    COMRAM           95      0       0
    BANK5           160      0       0
    BANK6           256      0       0
    BANK7           256      0       0
    BANK8           256      0       0
    BANK9           256      0       0
    BANK10          256      0       0
    BANK11          256      0       0
    BANK12          256      0       0
    BANK13          256      0       0
    BANK14          256      0       0
    BANK15          256      0       0
    BANK16          256      0       0
    BANK17          256      0       0
    BANK18          256      0       0
    BANK19          256      0       0
    BANK20          256      0       0
    BANK21          256      0       0
    BANK22          256      0       0
    BANK23          256      0       0
    BANK24          256      0       0
    BANK25          256      0       0
    BANK26          256      0       0
    BANK27          256      0       0
    BANK28          256      0       0
    BANK29          256      0       0
    BANK30          256      0       0
    BANK31          256      0       0
    BANK32          256      0       0
    BANK33          256      0       0
    BANK34          256      0       0
    BANK35          256      0       0
    BANK36          256      0       0

Pointer List with Targets:

    None.

Critical Paths under _main in COMRAM

    None.

Critical Paths under _main in BANK5

    None.

Critical Paths under _main in BANK6

    None.

Critical Paths under _main in BANK7

    None.

Critical Paths under _main in BANK8

    None.

Critical Paths under _main in BANK9

    None.

Critical Paths under _main in BANK10

    None.

Critical Paths under _main in BANK11

    None.

Critical Paths under _main in BANK12

    None.

Critical Paths under _main in BANK13

    None.

Critical Paths under _main in BANK14

    None.

Critical Paths under _main in BANK15

    None.

Critical Paths under _main in BANK16

    None.

Critical Paths under _main in BANK17

    None.

Critical Paths under _main in BANK18

    None.

Critical Paths under _main in BANK19

    None.

Critical Paths under _main in BANK20

    None.

Critical Paths under _main in BANK21

    None.

Critical Paths under _main in BANK22

    None.

Critical Paths under _main in BANK23

    None.

Critical Paths under _main in BANK24

    None.

Critical Paths under _main in BANK25

    None.

Critical Paths under _main in BANK26

    None.

Critical Paths under _main in BANK27

    None.

Critical Paths under _main in BANK28

    None.

Critical Paths under _main in BANK29

    None.

Critical Paths under _main in BANK30

    None.

Critical Paths under _main in BANK31

    None.

Critical Paths under _main in BANK32

    None.

Critical Paths under _main in BANK33

    None.

Critical Paths under _main in BANK34

    None.

Critical Paths under _main in BANK35

    None.

Critical Paths under _main in BANK36

    None.

Call Graph Tables:

 ---------------------------------------------------------------------------------
 (Depth) Function   	        Calls       Base Space   Used Autos Params    Refs
 ---------------------------------------------------------------------------------
 (0) _main                                                 0     0      0       0
 ---------------------------------------------------------------------------------
 Estimated maximum stack depth 0
 ---------------------------------------------------------------------------------

 Call Graph Graphs:

 _main (ROOT)

Address spaces:
Name               Size   Autos  Total    Usage
BITCOMRAM           95      0       0      0.0%
BITBANK5           160      0       0      0.0%
BITBANK6           256      0       0      0.0%
BITBANK7           256      0       0      0.0%
BITBANK8           256      0       0      0.0%
BITBANK9           256      0       0      0.0%
BITBANK10          256      0       0      0.0%
BITBANK11          256      0       0      0.0%
BITBANK12          256      0       0      0.0%
BITBANK13          256      0       0      0.0%
BITBANK14          256      0       0      0.0%
BITBANK15          256      0       0      0.0%
BITBANK16          256      0       0      0.0%
BITBANK17          256      0       0      0.0%
BITBANK18          256      0       0      0.0%
BITBANK19          256      0       0      0.0%
BITBANK20          256      0       0      0.0%
BITBANK21          256      0       0      0.0%
BITBANK22          256      0       0      0.0%
BITBANK23          256      0       0      0.0%
BITBANK24          256      0       0      0.0%
BITBANK25          256      0       0      0.0%
BITBANK26          256      0       0      0.0%
BITBANK27          256      0       0      0.0%
BITBANK28          256      0       0      0.0%
BITBANK29          256      0       0      0.0%
BITBANK30          256      0       0      0.0%
BITBANK31          256      0       0      0.0%
BITBANK32          256      0       0      0.0%
BITBANK33          256      0       0      0.0%
BITBANK34          256      0       0      0.0%
BITBANK35          256      0       0      0.0%
BITBANK36          256      0       0      0.0%
BITBIGSFRll       1032      0       0      0.0%
BITBIGSFR_1        256      0       0      0.0%
BITBIGSFRlh        189      0       0      0.0%
BITBIGSFRh          56      0       0      0.0%
COMRAM              95      0       0      0.0%
BANK5              160      0       0      0.0%
BANK6              256      0       0      0.0%
BANK7              256      0       0      0.0%
BANK8              256      0       0      0.0%
BANK9              256      0       0      0.0%
BANK10             256      0       0      0.0%
BANK11             256      0       0      0.0%
BANK12             256      0       0      0.0%
BANK13             256      0       0      0.0%
BANK14             256      0       0      0.0%
BANK15             256      0       0      0.0%
BANK16             256      0       0      0.0%
BANK17             256      0       0      0.0%
BANK18             256      0       0      0.0%
BANK19             256      0       0      0.0%
BANK20             256      0       0      0.0%
BANK21             256      0       0      0.0%
BANK22             256      0       0      0.0%
BANK23             256      0       0      0.0%
BANK24             256      0       0      0.0%
BANK25             256      0       0      0.0%
BANK26             256      0       0      0.0%
BANK27             256      0       0      0.0%
BANK28             256      0       0      0.0%
BANK29             256      0       0      0.0%
BANK30             256      0       0      0.0%
BANK31             256      0       0      0.0%
BANK32             256      0       0      0.0%
BANK33             256      0       0      0.0%
BANK34             256      0       0      0.0%
BANK35             256      0       0      0.0%
BANK36             256      0       0      0.0%
BIGRAM            8191      0       0      0.0%
STACK                0      0       0      0.0%
DATA                 0      0       0      0.0%


Microchip Technology PIC18 Macro Assembler V2.50 build 20240725155939 
Symbol Table                                                                                   Wed Oct 30 05:33:10 2024

                     l20 2626                       u10 2620                       u11 261C  
                    l700 2602                      l710 2620                      l702 2608  
                    l704 260A                      l706 260C                      l708 260E  
                   _main 2602                     start FFFC             ___param_bank 0000  
                  ?_main 0000                    _LATB0 25F8                    _PORTB 04CF  
                  _TRISB 04C7                    _WPUB4 204C                    status 04D8  
        __initialization 2630             __end_of_main 2630                   ??_main 0000  
          __activetblptr 0000                   _ANSELF 0428                   _TRISB4 263C  
                 isa$std 0001             __mediumconst 0000               __accesstop 0560  
__end_of__initialization 2630            ___rparam_used 0001           __pcstackCOMRAM 0000  
                _ANSELB4 2044                  __Hparam 0000                  __Lparam 0000  
           __psmallconst 2600                  __pcinit 2630                  __ramtop 2600  
                __ptext0 2602     end_of_initialization 2630      start_initialization 2630  
            __smallconst 2600                 __Hrparam 0000                 __Lrparam 0000  
               isa$xinst 0000  
